[INFO:2025-02-11 22:42:19,931] Загрузка 
[INFO:2025-02-11 22:52:25,784] создание папки events_txt
[INFO:2025-02-11 22:58:02,808] Загрузка 
[WARNING:2025-02-11 22:58:34,873] Датасет с событиями dynamic_6dof.zip уже загружен
[INFO:2025-02-11 22:58:34,873] создание папки events_txt
[INFO:2025-02-11 22:58:34,880] Распаковка исходного датасета dynamic_6dof.zip
[INFO:2025-02-11 22:58:39,013] Подгтовка данных для первого тестового протокола
[INFO:2025-02-11 22:58:39,016] Запуск тестового протокола №1
[INFO:2025-02-11 22:58:39,016] Тестовый протокол 1. Эксперимент № 0 S=100, T=1000
[INFO:2025-02-11 22:58:39,016] Создание тестового файла с параметрами S=100, T=1000
[WARNING:2025-02-11 23:05:38,670] Датасет с событиями dynamic_6dof.zip уже загружен
[INFO:2025-02-11 23:05:38,670] Распаковка исходного датасета dynamic_6dof.zip
[INFO:2025-02-11 23:05:42,737] Подгтовка данных для первого тестового протокола
[INFO:2025-02-11 23:05:42,739] Запуск тестового протокола №1
[INFO:2025-02-11 23:05:42,739] Тестовый протокол 1. Эксперимент № 0 S=100, T=1000
[INFO:2025-02-11 23:05:42,739] Создание тестового файла с параметрами S=100, T=1000
[WARNING:2025-02-11 23:11:49,825] Датасет с событиями dynamic_6dof.zip уже загружен
[INFO:2025-02-11 23:11:49,826] Распаковка исходного датасета dynamic_6dof.zip
[INFO:2025-02-11 23:11:53,759] Подгтовка данных для первого тестового протокола
[INFO:2025-02-11 23:11:53,759] Запуск тестового протокола №1
[INFO:2025-02-11 23:11:53,759] Тестовый протокол 1. Эксперимент № 0 S=100, T=1000
[INFO:2025-02-11 23:11:53,759] Создание тестового файла с параметрами S=100, T=1000
[WARNING:2025-02-11 23:12:16,497] Датасет с событиями dynamic_6dof.zip уже загружен
[INFO:2025-02-11 23:12:16,497] Распаковка исходного датасета dynamic_6dof.zip
[INFO:2025-02-11 23:12:20,695] Подгтовка данных для первого тестового протокола
[INFO:2025-02-11 23:12:20,697] Запуск тестового протокола №1
[INFO:2025-02-11 23:12:20,697] Тестовый протокол 1. Эксперимент № 0 S=100, T=1000
[INFO:2025-02-11 23:12:20,697] Создание тестового файла с параметрами S=100, T=1000
[INFO:2025-02-11 23:12:29,941] Кол-во строк в файле events_txt/dynamic_6dof.txt: 57132659
[INFO:2025-02-11 23:12:29,941] Кол-во строк в файле events_txt/first/out_first_test_S_100_T_1000.txt: 51938760
[INFO:2025-02-11 23:12:29,941] 9.090945688349635
[INFO:2025-02-11 23:12:29,941] Тестовый протокол 1. Эксперимент № 1 S=200, T=3000
[INFO:2025-02-11 23:12:29,941] Создание тестового файла с параметрами S=200, T=3000
[INFO:2025-02-11 23:12:39,415] Кол-во строк в файле events_txt/dynamic_6dof.txt: 57132659
[INFO:2025-02-11 23:12:39,415] Кол-во строк в файле events_txt/first/out_first_test_S_200_T_3000.txt: 53561860
[INFO:2025-02-11 23:12:39,415] 6.250013674315426
[INFO:2025-02-11 23:12:39,415] Тестовый протокол 1. Эксперимент № 2 S=500, T=5000
[INFO:2025-02-11 23:12:39,415] Создание тестового файла с параметрами S=500, T=5000
[INFO:2025-02-11 23:12:48,763] Кол-во строк в файле events_txt/dynamic_6dof.txt: 57132659
[INFO:2025-02-11 23:12:48,764] Кол-во строк в файле events_txt/first/out_first_test_S_500_T_5000.txt: 51938660
[INFO:2025-02-11 23:12:48,764] 9.091120719587025
[INFO:2025-02-11 23:12:48,764] Тестовый протокол 1. Эксперимент № 3 S=700, T=3000
[INFO:2025-02-11 23:12:48,764] Создание тестового файла с параметрами S=700, T=3000
[INFO:2025-02-11 23:12:57,937] Кол-во строк в файле events_txt/dynamic_6dof.txt: 57132659
[INFO:2025-02-11 23:12:57,937] Кол-во строк в файле events_txt/first/out_first_test_S_700_T_3000.txt: 46323260
[INFO:2025-02-11 23:12:57,937] 18.91982482383675
[INFO:2025-02-11 23:12:57,937] Тестовый протокол 1. Эксперимент № 4 S=800, T=2000
[INFO:2025-02-11 23:12:57,937] Создание тестового файла с параметрами S=800, T=2000
[INFO:2025-02-11 23:13:06,198] Кол-во строк в файле events_txt/dynamic_6dof.txt: 57132659
[INFO:2025-02-11 23:13:06,198] Кол-во строк в файле events_txt/first/out_first_test_S_800_T_2000.txt: 40808660
[INFO:2025-02-11 23:13:06,198] 28.57209744080002
[INFO:2025-02-11 23:13:06,198] Тестовый протокол 1. Эксперимент № 5 S=1000, T=5000
[INFO:2025-02-11 23:13:06,198] Создание тестового файла с параметрами S=1000, T=5000
[INFO:2025-02-11 23:13:15,307] Кол-во строк в файле events_txt/dynamic_6dof.txt: 57132659
[INFO:2025-02-11 23:13:15,308] Кол-во строк в файле events_txt/first/out_first_test_S_1000_T_5000.txt: 47610001
[INFO:2025-02-11 23:13:15,308] 16.667626129566287
[INFO:2025-02-11 23:13:15,308] Тестовый протокол 1. Эксперимент № 6 S=3000, T=5000
[INFO:2025-02-11 23:13:15,308] Создание тестового файла с параметрами S=3000, T=5000
[INFO:2025-02-11 23:13:23,516] Кол-во строк в файле events_txt/dynamic_6dof.txt: 57132659
[INFO:2025-02-11 23:13:23,517] Кол-во строк в файле events_txt/first/out_first_test_S_3000_T_5000.txt: 35706660
[INFO:2025-02-11 23:13:23,517] 37.50219117230304
[INFO:2025-02-11 23:13:23,517] Тестовый протокол 1. Эксперимент № 7 S=5000, T=10000
[INFO:2025-02-11 23:13:23,517] Создание тестового файла с параметрами S=5000, T=10000
[INFO:2025-02-11 23:13:32,140] Кол-во строк в файле events_txt/dynamic_6dof.txt: 57132659
[INFO:2025-02-11 23:13:32,140] Кол-во строк в файле events_txt/first/out_first_test_S_5000_T_10000.txt: 38087660
[INFO:2025-02-11 23:13:32,140] 33.33469741011004
[INFO:2025-02-11 23:13:32,140] Тестовый протокол 1. Эксперимент № 8 S=6000, T=10000
[INFO:2025-02-11 23:13:32,140] Создание тестового файла с параметрами S=6000, T=10000
[INFO:2025-02-11 23:13:40,157] Кол-во строк в файле events_txt/dynamic_6dof.txt: 57132659
[INFO:2025-02-11 23:13:40,157] Кол-во строк в файле events_txt/first/out_first_test_S_6000_T_10000.txt: 35706660
[INFO:2025-02-11 23:13:40,157] 37.50219117230304
[INFO:2025-02-11 23:13:40,157] Тестовый протокол 1. Эксперимент № 9 S=7000, T=10000
[INFO:2025-02-11 23:13:40,158] Создание тестового файла с параметрами S=7000, T=10000
[INFO:2025-02-11 23:13:47,997] Кол-во строк в файле events_txt/dynamic_6dof.txt: 57132659
[INFO:2025-02-11 23:13:47,998] Кол-во строк в файле events_txt/first/out_first_test_S_7000_T_10000.txt: 33605660
[INFO:2025-02-11 23:13:47,998] 41.17959746981145
[INFO:2025-02-11 23:13:47,998] Тестовый протокол 1. Эксперимент № 10 S=9000, T=10000
[INFO:2025-02-11 23:13:47,998] Создание тестового файла с параметрами S=9000, T=10000
[INFO:2025-02-11 23:13:55,954] Кол-во строк в файле events_txt/dynamic_6dof.txt: 57132659
[INFO:2025-02-11 23:13:55,955] Кол-во строк в файле events_txt/first/out_first_test_S_9000_T_10000.txt: 30069660
[INFO:2025-02-11 23:13:55,955] 47.36870202382843
[INFO:2025-02-11 23:13:55,955] Тестовый протокол 1. Эксперимент № 11 S=10000, T=15000
[INFO:2025-02-11 23:13:55,955] Создание тестового файла с параметрами S=10000, T=15000
[INFO:2025-02-11 23:14:03,966] Кол-во строк в файле events_txt/dynamic_6dof.txt: 57132659
[INFO:2025-02-11 23:14:03,966] Кол-во строк в файле events_txt/first/out_first_test_S_10000_T_15000.txt: 34275001
[INFO:2025-02-11 23:14:03,967] 40.00804163517052
[INFO:2025-02-11 23:14:03,967] Тестовый протокол 1. Эксперимент № 12 S=12000, T=15000
[INFO:2025-02-11 23:14:03,967] Создание тестового файла с параметрами S=12000, T=15000
[INFO:2025-02-11 23:14:11,681] Кол-во строк в файле events_txt/dynamic_6dof.txt: 57132659
[INFO:2025-02-11 23:14:11,682] Кол-во строк в файле events_txt/first/out_first_test_S_12000_T_15000.txt: 31740001
[INFO:2025-02-11 23:14:11,682] 44.445083502940065
[INFO:2025-02-11 23:14:11,682] Тестовый протокол 1. Эксперимент № 13 S=15000, T=40000
[INFO:2025-02-11 23:14:11,682] Создание тестового файла с параметрами S=15000, T=40000
[INFO:2025-02-11 23:14:20,115] Кол-во строк в файле events_txt/dynamic_6dof.txt: 57132659
[INFO:2025-02-11 23:14:20,115] Кол-во строк в файле events_txt/first/out_first_test_S_15000_T_40000.txt: 41547660
[INFO:2025-02-11 23:14:20,115] 27.278616596507433
